<?xml version="1.0" encoding="UTF-8"?>
<!-- Generated by org.testng.reporters.JUnitReportReporter -->
<testsuite hostname="DESKTOP-K8GN66L" name="runners.Runner" tests="1" failures="0" timestamp="22 Dec 2018 13:12:27 GMT" time="61.412" errors="0">
  <testcase name="feature" time="61.412" classname="runners.Runner"/>
</testsuite> <!-- runners.Runner -->
