<?xml version="1.0" encoding="UTF-8"?>
<!-- Generated by org.testng.reporters.JUnitReportReporter -->
<testsuite hostname="DESKTOP-K8GN66L" name="runners.Runner" tests="2" failures="0" timestamp="24 Dec 2018 08:04:16 GMT" time="132.923" errors="0">
  <testcase name="feature" time="88.354" classname="runners.Runner"/>
  <testcase name="feature" time="44.569" classname="runners.Runner"/>
</testsuite> <!-- runners.Runner -->
